2021-12-30T21:37:56+00:00 CRITICAL Uncaught Error: Object of class WP_Post could not be converted to string in C:\xampp\htdocs\baum-prueba\wp-content\themes\twentytwentyone\template-parts\content\content-evento.php:21
Stack trace:
#0 C:\xampp\htdocs\baum-prueba\wp-includes\template.php(772): require()
#1 C:\xampp\htdocs\baum-prueba\wp-includes\template.php(716): load_template('C:\\xampp\\htdocs...', false, Array)
#2 C:\xampp\htdocs\baum-prueba\wp-includes\general-template.php(204): locate_template(Array, true, false, Array)
#3 C:\xampp\htdocs\baum-prueba\wp-content\themes\twentytwentyone\single-evento.php(8): get_template_part('template-parts/...')
#4 C:\xampp\htdocs\baum-prueba\wp-includes\template-loader.php(106): include('C:\\xampp\\htdocs...')
#5 C:\xampp\htdocs\baum-prueba\wp-blog-header.php(19): require_once('C:\\xampp\\htdocs...')
#6 C:\xampp\htdocs\baum-prueba\index.php(17): require('C:\\xampp\\htdocs...')
#7 {main}
  thrown en C:\xampp\htdocs\baum-prueba\wp-content\themes\twentytwentyone\template-parts\content\content-evento.php en la línea 21

2021-12-30T21:39:07+00:00 CRITICAL Uncaught Error: Object of class WP_Post could not be converted to string in C:\xampp\htdocs\baum-prueba\wp-content\themes\twentytwentyone\template-parts\content\content-evento.php:21
Stack trace:
#0 C:\xampp\htdocs\baum-prueba\wp-includes\template.php(772): require()
#1 C:\xampp\htdocs\baum-prueba\wp-includes\template.php(716): load_template('C:\\xampp\\htdocs...', false, Array)
#2 C:\xampp\htdocs\baum-prueba\wp-includes\general-template.php(204): locate_template(Array, true, false, Array)
#3 C:\xampp\htdocs\baum-prueba\wp-content\themes\twentytwentyone\single-evento.php(8): get_template_part('template-parts/...')
#4 C:\xampp\htdocs\baum-prueba\wp-includes\template-loader.php(106): include('C:\\xampp\\htdocs...')
#5 C:\xampp\htdocs\baum-prueba\wp-blog-header.php(19): require_once('C:\\xampp\\htdocs...')
#6 C:\xampp\htdocs\baum-prueba\index.php(17): require('C:\\xampp\\htdocs...')
#7 {main}
  thrown en C:\xampp\htdocs\baum-prueba\wp-content\themes\twentytwentyone\template-parts\content\content-evento.php en la línea 21

2021-12-30T21:41:35+00:00 CRITICAL Uncaught Error: Object of class WP_Post could not be converted to string in C:\xampp\htdocs\baum-prueba\wp-content\themes\twentytwentyone\template-parts\content\content-evento.php:26
Stack trace:
#0 C:\xampp\htdocs\baum-prueba\wp-includes\template.php(772): require()
#1 C:\xampp\htdocs\baum-prueba\wp-includes\template.php(716): load_template('C:\\xampp\\htdocs...', false, Array)
#2 C:\xampp\htdocs\baum-prueba\wp-includes\general-template.php(204): locate_template(Array, true, false, Array)
#3 C:\xampp\htdocs\baum-prueba\wp-content\themes\twentytwentyone\single-evento.php(8): get_template_part('template-parts/...')
#4 C:\xampp\htdocs\baum-prueba\wp-includes\template-loader.php(106): include('C:\\xampp\\htdocs...')
#5 C:\xampp\htdocs\baum-prueba\wp-blog-header.php(19): require_once('C:\\xampp\\htdocs...')
#6 C:\xampp\htdocs\baum-prueba\index.php(17): require('C:\\xampp\\htdocs...')
#7 {main}
  thrown en C:\xampp\htdocs\baum-prueba\wp-content\themes\twentytwentyone\template-parts\content\content-evento.php en la línea 26

2021-12-30T21:45:45+00:00 CRITICAL Uncaught Error: Object of class WP_Post could not be converted to string in C:\xampp\htdocs\baum-prueba\wp-content\plugins\advanced-custom-fields\includes\api\api-template.php:85
Stack trace:
#0 C:\xampp\htdocs\baum-prueba\wp-content\themes\twentytwentyone\template-parts\content\content-evento.php(27): the_field('evento_festival')
#1 C:\xampp\htdocs\baum-prueba\wp-includes\template.php(772): require('C:\\xampp\\htdocs...')
#2 C:\xampp\htdocs\baum-prueba\wp-includes\template.php(716): load_template('C:\\xampp\\htdocs...', false, Array)
#3 C:\xampp\htdocs\baum-prueba\wp-includes\general-template.php(204): locate_template(Array, true, false, Array)
#4 C:\xampp\htdocs\baum-prueba\wp-content\themes\twentytwentyone\single-evento.php(8): get_template_part('template-parts/...')
#5 C:\xampp\htdocs\baum-prueba\wp-includes\template-loader.php(106): include('C:\\xampp\\htdocs...')
#6 C:\xampp\htdocs\baum-prueba\wp-blog-header.php(19): require_once('C:\\xampp\\htdocs...')
#7 C:\xampp\htdocs\baum-prueba\index.php(17): require('C:\\xampp\\htdocs...')
#8 {main}
  thrown en C:\xampp\htdocs\baum-prueba\wp-content\plugins\advanced-custom-fields\includes\api\api-template.php en la línea 85

